Activated service account credentials for: [terraform@gke-eu-1.iam.gserviceaccount.com]
2020-10-21 10:34:22 CST INFO    download terraform binary
2020-10-21 10:34:22 CST INFO    downloading https://releases.hashicorp.com/terraform/0.12.13/terraform_0.12.13_darwin_amd64.zip
2020-10-21 10:34:27 CST INFO    downloading https://releases.hashicorp.com/terraform-provider-google/3.1.0/terraform-provider-google_3.1.0_darwin_amd64.zip
2020-10-21 10:34:31 CST INFO    downloading https://releases.hashicorp.com/terraform-provider-google-beta/3.1.0/terraform-provider-google-beta_3.1.0_darwin_amd64.zip
2020-10-21 10:34:38 CST INFO    prepare network.tf
module "default-network" {
  source = "terraform-google-modules/network/google"

  project_id   = var.project
  network_name = "default-network"
  routing_mode = "REGIONAL"

  subnets = [
    {
      subnet_name               = "net1"
      subnet_ip                 = "192.168.0.0/20"
      subnet_region             = var.region
      subnet_flow_logs          = "true"
      subnet_flow_logs_interval = "INTERVAL_10_MIN"
      subnet_flow_logs_sampling = 0.7
      subnet_flow_logs_metadata = "INCLUDE_ALL_METADATA"
      subnet_private_access     = "true"
    },
    {
      subnet_name               = "net2"
      subnet_ip                 = "192.168.16.0/20"
      subnet_region             = var.region
      subnet_flow_logs          = "true"
      subnet_flow_logs_interval = "INTERVAL_10_MIN"
      subnet_flow_logs_sampling = 0.7
      subnet_flow_logs_metadata = "INCLUDE_ALL_METADATA"
      subnet_private_access     = "true"
    }
  ]

  delete_default_internet_gateway_routes = true
}
2020-10-21 10:34:38 CST INFO    prepare dns.tf
module "dns-private-zone" {
  source = "terraform-google-modules/cloud-dns/google"

  project_id = var.project
  type       = "private"
  name       = "private-access"
  domain     = "dot."

  private_visibility_config_networks = concat([module.default-network.network_self_link], compact(var.other_vpc_list))

  recordsets = [
    {
      name    = "restricted.googleapis.com"
      type    = "A"
      ttl     = 300
      records = ["199.36.153.4", "199.36.153.5", "199.36.153.6", "199.36.153.7"]
    },
    {
      name    = "gcr.io"
      type    = "A"
      ttl     = 300
      records = ["199.36.153.4", "199.36.153.5", "199.36.153.6", "199.36.153.7"]
    }
  ]
}
2020-10-21 10:34:38 CST INFO    prepare vars.tf
variable "project" {
  description = "project ID"
  type        = string
}

variable "region" {
  description = "subnet region"
  type        = string
}

variable "other_vpc_list" {
  description = "vpc network url to be added into Cloud DNS private access dot zone, separated by comma, vpc other than default-network"
  type        = list(string)
}
2020-10-21 10:34:40 CST INFO    prepare terraform.tfvars
project = "gke-eu-1"
region = "europe-west2"
other_vpc_list = ["",]
2020-10-21 10:34:40 CST INFO    list vpc
Listed 0 items.
2020-10-21 10:34:42 CST INFO    terraform version
Terraform v0.12.13
2020-10-21 10:34:43 CST INFO    terraform init
Initializing modules...
Downloading terraform-google-modules/network/google 2.5.0 for default-network...
- default-network in .terraform/modules/default-network
- default-network.routes in .terraform/modules/default-network/modules/routes
- default-network.subnets in .terraform/modules/default-network/modules/subnets
- default-network.vpc in .terraform/modules/default-network/modules/vpc
Downloading terraform-google-modules/cloud-dns/google 3.0.2 for dns-private-zone...
- dns-private-zone in .terraform/modules/dns-private-zone

Initializing the backend...

Initializing provider plugins...

The following providers do not have any version constraints in configuration,
so the latest version was installed.

To prevent automatic upgrades to new major versions that may contain breaking
changes, it is recommended to add version = "..." constraints to the
corresponding provider blocks in configuration, with the constraint strings
suggested below.

* provider.google-beta: version = "~> 3.1"

Terraform has been successfully initialized!

You may now begin working with Terraform. Try running "terraform plan" to see
any changes that are required for your infrastructure. All Terraform commands
should now work.

If you ever set or change modules or backend configuration for Terraform,
rerun this command to reinitialize your working directory. If you forget, other
commands will detect it and remind you to do so if necessary.
2020-10-21 10:34:58 CST INFO    terraform plan
Refreshing Terraform state in-memory prior to plan...
The refreshed state will be used to calculate this plan, but will not be
persisted to local or remote state storage.


------------------------------------------------------------------------

An execution plan has been generated and is shown below.
Resource actions are indicated with the following symbols:
  + create

Terraform will perform the following actions:

  # module.dns-private-zone.google_dns_managed_zone.private[0] will be created
  + resource "google_dns_managed_zone" "private" {
      + description  = "Managed by Terraform"
      + dns_name     = "dot."
      + id           = (known after apply)
      + name         = "private-access"
      + name_servers = (known after apply)
      + project      = "gke-eu-1"
      + visibility   = "private"

      + private_visibility_config {
          + networks {
              + network_url = (known after apply)
            }
        }
    }

  # module.dns-private-zone.google_dns_record_set.cloud-static-records["gcr.io/A"] will be created
  + resource "google_dns_record_set" "cloud-static-records" {
      + id           = (known after apply)
      + managed_zone = "private-access"
      + name         = "gcr.io.dot."
      + project      = "gke-eu-1"
      + rrdatas      = [
          + "199.36.153.4",
          + "199.36.153.5",
          + "199.36.153.6",
          + "199.36.153.7",
        ]
      + ttl          = 300
      + type         = "A"
    }

  # module.dns-private-zone.google_dns_record_set.cloud-static-records["restricted.googleapis.com/A"] will be created
  + resource "google_dns_record_set" "cloud-static-records" {
      + id           = (known after apply)
      + managed_zone = "private-access"
      + name         = "restricted.googleapis.com.dot."
      + project      = "gke-eu-1"
      + rrdatas      = [
          + "199.36.153.4",
          + "199.36.153.5",
          + "199.36.153.6",
          + "199.36.153.7",
        ]
      + ttl          = 300
      + type         = "A"
    }

  # module.default-network.module.subnets.google_compute_subnetwork.subnetwork["europe-west2/net1"] will be created
  + resource "google_compute_subnetwork" "subnetwork" {
      + creation_timestamp       = (known after apply)
      + enable_flow_logs         = (known after apply)
      + fingerprint              = (known after apply)
      + gateway_address          = (known after apply)
      + id                       = (known after apply)
      + ip_cidr_range            = "192.168.0.0/20"
      + name                     = "net1"
      + network                  = "default-network"
      + private_ip_google_access = true
      + project                  = "gke-eu-1"
      + region                   = "europe-west2"
      + secondary_ip_range       = []
      + self_link                = (known after apply)

      + log_config {
          + aggregation_interval = "INTERVAL_10_MIN"
          + flow_sampling        = 0.7
          + metadata             = "INCLUDE_ALL_METADATA"
        }
    }

  # module.default-network.module.subnets.google_compute_subnetwork.subnetwork["europe-west2/net2"] will be created
  + resource "google_compute_subnetwork" "subnetwork" {
      + creation_timestamp       = (known after apply)
      + enable_flow_logs         = (known after apply)
      + fingerprint              = (known after apply)
      + gateway_address          = (known after apply)
      + id                       = (known after apply)
      + ip_cidr_range            = "192.168.16.0/20"
      + name                     = "net2"
      + network                  = "default-network"
      + private_ip_google_access = true
      + project                  = "gke-eu-1"
      + region                   = "europe-west2"
      + secondary_ip_range       = []
      + self_link                = (known after apply)

      + log_config {
          + aggregation_interval = "INTERVAL_10_MIN"
          + flow_sampling        = 0.7
          + metadata             = "INCLUDE_ALL_METADATA"
        }
    }

  # module.default-network.module.vpc.google_compute_network.network will be created
  + resource "google_compute_network" "network" {
      + auto_create_subnetworks         = false
      + delete_default_routes_on_create = true
      + gateway_ipv4                    = (known after apply)
      + id                              = (known after apply)
      + ipv4_range                      = (known after apply)
      + name                            = "default-network"
      + project                         = "gke-eu-1"
      + routing_mode                    = "REGIONAL"
      + self_link                       = (known after apply)
    }

Plan: 6 to add, 0 to change, 0 to destroy.

------------------------------------------------------------------------

Note: You didn't specify an "-out" parameter to save this plan, so Terraform
can't guarantee that exactly these actions will be performed if
"terraform apply" is subsequently run.

2020-10-21 10:35:01 CST INFO    terraform apply
module.default-network.module.vpc.google_compute_network.network: Creating...
module.default-network.module.vpc.google_compute_network.network: Still creating... [10s elapsed]
module.default-network.module.vpc.google_compute_network.network: Still creating... [20s elapsed]
module.default-network.module.vpc.google_compute_network.network: Creation complete after 21s [id=projects/gke-eu-1/global/networks/default-network]
module.dns-private-zone.google_dns_managed_zone.private[0]: Creating...
module.default-network.module.subnets.google_compute_subnetwork.subnetwork["europe-west2/net1"]: Creating...
module.default-network.module.subnets.google_compute_subnetwork.subnetwork["europe-west2/net2"]: Creating...
module.default-network.module.subnets.google_compute_subnetwork.subnetwork["europe-west2/net2"]: Still creating... [10s elapsed]
module.dns-private-zone.google_dns_managed_zone.private[0]: Still creating... [10s elapsed]
module.default-network.module.subnets.google_compute_subnetwork.subnetwork["europe-west2/net1"]: Still creating... [10s elapsed]
module.dns-private-zone.google_dns_managed_zone.private[0]: Creation complete after 18s [id=projects/gke-eu-1/managedZones/private-access]
module.dns-private-zone.google_dns_record_set.cloud-static-records["restricted.googleapis.com/A"]: Creating...
module.dns-private-zone.google_dns_record_set.cloud-static-records["gcr.io/A"]: Creating...
module.default-network.module.subnets.google_compute_subnetwork.subnetwork["europe-west2/net1"]: Creation complete after 18s [id=projects/gke-eu-1/regions/europe-west2/subnetworks/net1]
module.default-network.module.subnets.google_compute_subnetwork.subnetwork["europe-west2/net2"]: Creation complete after 18s [id=projects/gke-eu-1/regions/europe-west2/subnetworks/net2]
module.dns-private-zone.google_dns_record_set.cloud-static-records["gcr.io/A"]: Creation complete after 2s [id=private-access/gcr.io.dot./A]
module.dns-private-zone.google_dns_record_set.cloud-static-records["restricted.googleapis.com/A"]: Creation complete after 3s [id=private-access/restricted.googleapis.com.dot./A]

Apply complete! Resources: 6 added, 0 changed, 0 destroyed.
2020-10-21 10:35:43 CST INFO    list vpc
NAME             SUBNET_MODE  BGP_ROUTING_MODE  IPV4_RANGE  GATEWAY_IPV4
default-network  CUSTOM       REGIONAL
2020-10-21 10:35:45 CST INFO    list vpc in Cloud DNS private-access zone
NAME            DNS_NAME  NETWORK_URL
private-access  dot.      ['https://www.googleapis.com/compute/v1/projects/gke-eu-1/global/networks/default-network']
2020-10-21 10:35:48 CST INFO    add 2 new vpc
Created [https://www.googleapis.com/compute/v1/projects/gke-eu-1/global/networks/vpc1].
NAME  SUBNET_MODE  BGP_ROUTING_MODE  IPV4_RANGE  GATEWAY_IPV4
vpc1  CUSTOM       REGIONAL

Instances on this network will not be reachable until firewall rules
are created. As an example, you can allow all internal traffic between
instances as well as SSH, RDP, and ICMP by running:

$ gcloud compute firewall-rules create <FIREWALL_NAME> --network vpc1 --allow tcp,udp,icmp --source-ranges <IP_RANGE>
$ gcloud compute firewall-rules create <FIREWALL_NAME> --network vpc1 --allow tcp:22,tcp:3389,icmp

Created [https://www.googleapis.com/compute/v1/projects/gke-eu-1/global/networks/vpc2].
NAME  SUBNET_MODE  BGP_ROUTING_MODE  IPV4_RANGE  GATEWAY_IPV4
vpc2  CUSTOM       REGIONAL

Instances on this network will not be reachable until firewall rules
are created. As an example, you can allow all internal traffic between
instances as well as SSH, RDP, and ICMP by running:

$ gcloud compute firewall-rules create <FIREWALL_NAME> --network vpc2 --allow tcp,udp,icmp --source-ranges <IP_RANGE>
$ gcloud compute firewall-rules create <FIREWALL_NAME> --network vpc2 --allow tcp:22,tcp:3389,icmp

2020-10-21 10:36:07 CST INFO    list vpc
NAME             SUBNET_MODE  BGP_ROUTING_MODE  IPV4_RANGE  GATEWAY_IPV4
default-network  CUSTOM       REGIONAL
vpc1             CUSTOM       REGIONAL
vpc2             CUSTOM       REGIONAL
2020-10-21 10:36:09 CST INFO    list vpc in Cloud DNS private-access zone
NAME            DNS_NAME  NETWORK_URL
private-access  dot.      ['https://www.googleapis.com/compute/v1/projects/gke-eu-1/global/networks/default-network']
2020-10-21 10:36:13 CST INFO    prepare terraform.tfvars, new vpc will be passed into tf variable
project = "gke-eu-1"
region = "europe-west2"
other_vpc_list = ["https://www.googleapis.com/compute/v1/projects/gke-eu-1/global/networks/vpc1","https://www.googleapis.com/compute/v1/projects/gke-eu-1/global/networks/vpc2",]
2020-10-21 10:36:13 CST INFO    terraform version
Terraform v0.12.13
+ provider.google v3.1.0
+ provider.google-beta v3.1.0
2020-10-21 10:36:13 CST INFO    terraform init
Initializing modules...

Initializing the backend...

Initializing provider plugins...

The following providers do not have any version constraints in configuration,
so the latest version was installed.

To prevent automatic upgrades to new major versions that may contain breaking
changes, it is recommended to add version = "..." constraints to the
corresponding provider blocks in configuration, with the constraint strings
suggested below.

* provider.google-beta: version = "~> 3.1"

Terraform has been successfully initialized!

You may now begin working with Terraform. Try running "terraform plan" to see
any changes that are required for your infrastructure. All Terraform commands
should now work.

If you ever set or change modules or backend configuration for Terraform,
rerun this command to reinitialize your working directory. If you forget, other
commands will detect it and remind you to do so if necessary.
2020-10-21 10:36:14 CST INFO    terraform plan
Refreshing Terraform state in-memory prior to plan...
The refreshed state will be used to calculate this plan, but will not be
persisted to local or remote state storage.

module.default-network.module.vpc.google_compute_network.network: Refreshing state... [id=projects/gke-eu-1/global/networks/default-network]
module.default-network.module.subnets.google_compute_subnetwork.subnetwork["europe-west2/net2"]: Refreshing state... [id=projects/gke-eu-1/regions/europe-west2/subnetworks/net2]
module.default-network.module.subnets.google_compute_subnetwork.subnetwork["europe-west2/net1"]: Refreshing state... [id=projects/gke-eu-1/regions/europe-west2/subnetworks/net1]
module.dns-private-zone.google_dns_managed_zone.private[0]: Refreshing state... [id=projects/gke-eu-1/managedZones/private-access]
module.dns-private-zone.google_dns_record_set.cloud-static-records["gcr.io/A"]: Refreshing state... [id=private-access/gcr.io.dot./A]
module.dns-private-zone.google_dns_record_set.cloud-static-records["restricted.googleapis.com/A"]: Refreshing state... [id=private-access/restricted.googleapis.com.dot./A]

------------------------------------------------------------------------

An execution plan has been generated and is shown below.
Resource actions are indicated with the following symbols:
  ~ update in-place

Terraform will perform the following actions:

  # module.dns-private-zone.google_dns_managed_zone.private[0] will be updated in-place
  ~ resource "google_dns_managed_zone" "private" {
        description  = "Managed by Terraform"
        dns_name     = "dot."
        id           = "projects/gke-eu-1/managedZones/private-access"
        labels       = {}
        name         = "private-access"
        name_servers = [
            "ns-gcp-private.googledomains.com.",
        ]
        project      = "gke-eu-1"
        visibility   = "private"

      ~ private_visibility_config {
            networks {
                network_url = "https://www.googleapis.com/compute/v1/projects/gke-eu-1/global/networks/default-network"
            }
          + networks {
              + network_url = "https://www.googleapis.com/compute/v1/projects/gke-eu-1/global/networks/vpc1"
            }
          + networks {
              + network_url = "https://www.googleapis.com/compute/v1/projects/gke-eu-1/global/networks/vpc2"
            }
        }
    }

Plan: 0 to add, 1 to change, 0 to destroy.

------------------------------------------------------------------------

Note: You didn't specify an "-out" parameter to save this plan, so Terraform
can't guarantee that exactly these actions will be performed if
"terraform apply" is subsequently run.

2020-10-21 10:36:19 CST INFO    terraform apply
module.default-network.module.vpc.google_compute_network.network: Refreshing state... [id=projects/gke-eu-1/global/networks/default-network]
module.default-network.module.subnets.google_compute_subnetwork.subnetwork["europe-west2/net2"]: Refreshing state... [id=projects/gke-eu-1/regions/europe-west2/subnetworks/net2]
module.default-network.module.subnets.google_compute_subnetwork.subnetwork["europe-west2/net1"]: Refreshing state... [id=projects/gke-eu-1/regions/europe-west2/subnetworks/net1]
module.dns-private-zone.google_dns_managed_zone.private[0]: Refreshing state... [id=projects/gke-eu-1/managedZones/private-access]
module.dns-private-zone.google_dns_record_set.cloud-static-records["restricted.googleapis.com/A"]: Refreshing state... [id=private-access/restricted.googleapis.com.dot./A]
module.dns-private-zone.google_dns_record_set.cloud-static-records["gcr.io/A"]: Refreshing state... [id=private-access/gcr.io.dot./A]
module.dns-private-zone.google_dns_managed_zone.private[0]: Modifying... [id=projects/gke-eu-1/managedZones/private-access]
module.dns-private-zone.google_dns_managed_zone.private[0]: Modifications complete after 4s [id=projects/gke-eu-1/managedZones/private-access]

Apply complete! Resources: 0 added, 1 changed, 0 destroyed.
2020-10-21 10:36:27 CST INFO    list vpc
NAME             SUBNET_MODE  BGP_ROUTING_MODE  IPV4_RANGE  GATEWAY_IPV4
default-network  CUSTOM       REGIONAL
vpc1             CUSTOM       REGIONAL
vpc2             CUSTOM       REGIONAL
2020-10-21 10:36:29 CST INFO    list vpc in Cloud DNS private-access zone
NAME            DNS_NAME  NETWORK_URL
private-access  dot.      ['https://www.googleapis.com/compute/v1/projects/gke-eu-1/global/networks/default-network', 'https://www.googleapis.com/compute/v1/projects/gke-eu-1/global/networks/vpc2', 'https://www.googleapis.com/compute/v1/projects/gke-eu-1/global/networks/vpc1']
2020-10-21 10:36:31 CST INFO    remove one vpc and run terraform apply
Deleted [https://www.googleapis.com/compute/v1/projects/gke-eu-1/global/networks/vpc1].
2020-10-21 10:36:42 CST INFO    list vpc
NAME             SUBNET_MODE  BGP_ROUTING_MODE  IPV4_RANGE  GATEWAY_IPV4
default-network  CUSTOM       REGIONAL
vpc2             CUSTOM       REGIONAL
2020-10-21 10:36:46 CST INFO    prepare terraform.tfvars, new vpc will be passed into tf variable
project = "gke-eu-1"
region = "europe-west2"
other_vpc_list = ["https://www.googleapis.com/compute/v1/projects/gke-eu-1/global/networks/vpc2",]
2020-10-21 10:36:46 CST INFO    terraform version
Terraform v0.12.13
+ provider.google v3.1.0
+ provider.google-beta v3.1.0
2020-10-21 10:36:46 CST INFO    terraform init
Initializing modules...

Initializing the backend...

Initializing provider plugins...

The following providers do not have any version constraints in configuration,
so the latest version was installed.

To prevent automatic upgrades to new major versions that may contain breaking
changes, it is recommended to add version = "..." constraints to the
corresponding provider blocks in configuration, with the constraint strings
suggested below.

* provider.google-beta: version = "~> 3.1"

Terraform has been successfully initialized!

You may now begin working with Terraform. Try running "terraform plan" to see
any changes that are required for your infrastructure. All Terraform commands
should now work.

If you ever set or change modules or backend configuration for Terraform,
rerun this command to reinitialize your working directory. If you forget, other
commands will detect it and remind you to do so if necessary.
2020-10-21 10:36:46 CST INFO    terraform plan
Refreshing Terraform state in-memory prior to plan...
The refreshed state will be used to calculate this plan, but will not be
persisted to local or remote state storage.

module.default-network.module.vpc.google_compute_network.network: Refreshing state... [id=projects/gke-eu-1/global/networks/default-network]
module.default-network.module.subnets.google_compute_subnetwork.subnetwork["europe-west2/net2"]: Refreshing state... [id=projects/gke-eu-1/regions/europe-west2/subnetworks/net2]
module.default-network.module.subnets.google_compute_subnetwork.subnetwork["europe-west2/net1"]: Refreshing state... [id=projects/gke-eu-1/regions/europe-west2/subnetworks/net1]
module.dns-private-zone.google_dns_managed_zone.private[0]: Refreshing state... [id=projects/gke-eu-1/managedZones/private-access]
module.dns-private-zone.google_dns_record_set.cloud-static-records["gcr.io/A"]: Refreshing state... [id=private-access/gcr.io.dot./A]
module.dns-private-zone.google_dns_record_set.cloud-static-records["restricted.googleapis.com/A"]: Refreshing state... [id=private-access/restricted.googleapis.com.dot./A]

------------------------------------------------------------------------

An execution plan has been generated and is shown below.
Resource actions are indicated with the following symbols:
  ~ update in-place

Terraform will perform the following actions:

  # module.dns-private-zone.google_dns_managed_zone.private[0] will be updated in-place
  ~ resource "google_dns_managed_zone" "private" {
        description  = "Managed by Terraform"
        dns_name     = "dot."
        id           = "projects/gke-eu-1/managedZones/private-access"
        labels       = {}
        name         = "private-access"
        name_servers = [
            "ns-gcp-private.googledomains.com.",
        ]
        project      = "gke-eu-1"
        visibility   = "private"

      ~ private_visibility_config {
            networks {
                network_url = "https://www.googleapis.com/compute/v1/projects/gke-eu-1/global/networks/default-network"
            }
          - networks {
              - network_url = "https://www.googleapis.com/compute/v1/projects/gke-eu-1/global/networks/vpc1" -> null
            }
            networks {
                network_url = "https://www.googleapis.com/compute/v1/projects/gke-eu-1/global/networks/vpc2"
            }
        }
    }

Plan: 0 to add, 1 to change, 0 to destroy.

------------------------------------------------------------------------

Note: You didn't specify an "-out" parameter to save this plan, so Terraform
can't guarantee that exactly these actions will be performed if
"terraform apply" is subsequently run.

2020-10-21 10:36:51 CST INFO    terraform apply
module.default-network.module.vpc.google_compute_network.network: Refreshing state... [id=projects/gke-eu-1/global/networks/default-network]
module.default-network.module.subnets.google_compute_subnetwork.subnetwork["europe-west2/net1"]: Refreshing state... [id=projects/gke-eu-1/regions/europe-west2/subnetworks/net1]
module.default-network.module.subnets.google_compute_subnetwork.subnetwork["europe-west2/net2"]: Refreshing state... [id=projects/gke-eu-1/regions/europe-west2/subnetworks/net2]
module.dns-private-zone.google_dns_managed_zone.private[0]: Refreshing state... [id=projects/gke-eu-1/managedZones/private-access]
module.dns-private-zone.google_dns_record_set.cloud-static-records["gcr.io/A"]: Refreshing state... [id=private-access/gcr.io.dot./A]
module.dns-private-zone.google_dns_record_set.cloud-static-records["restricted.googleapis.com/A"]: Refreshing state... [id=private-access/restricted.googleapis.com.dot./A]
module.dns-private-zone.google_dns_managed_zone.private[0]: Modifying... [id=projects/gke-eu-1/managedZones/private-access]

Error: Error updating ManagedZone "projects/gke-eu-1/managedZones/private-access": googleapi: Error 403: Forbidden, forbidden

  on .terraform/modules/dns-private-zone/main.tf line 74, in resource "google_dns_managed_zone" "private":
  74: resource "google_dns_managed_zone" "private" {


2020-10-21 10:37:00 CST INFO    tidy up
2020-10-21 10:37:00 CST INFO    terraform destroy
module.default-network.module.vpc.google_compute_network.network: Refreshing state... [id=projects/gke-eu-1/global/networks/default-network]
module.dns-private-zone.google_dns_managed_zone.private[0]: Refreshing state... [id=projects/gke-eu-1/managedZones/private-access]
module.default-network.module.subnets.google_compute_subnetwork.subnetwork["europe-west2/net2"]: Refreshing state... [id=projects/gke-eu-1/regions/europe-west2/subnetworks/net2]
module.default-network.module.subnets.google_compute_subnetwork.subnetwork["europe-west2/net1"]: Refreshing state... [id=projects/gke-eu-1/regions/europe-west2/subnetworks/net1]
module.dns-private-zone.google_dns_record_set.cloud-static-records["gcr.io/A"]: Refreshing state... [id=private-access/gcr.io.dot./A]
module.dns-private-zone.google_dns_record_set.cloud-static-records["restricted.googleapis.com/A"]: Refreshing state... [id=private-access/restricted.googleapis.com.dot./A]
module.dns-private-zone.google_dns_record_set.cloud-static-records["restricted.googleapis.com/A"]: Destroying... [id=private-access/restricted.googleapis.com.dot./A]
module.dns-private-zone.google_dns_record_set.cloud-static-records["gcr.io/A"]: Destroying... [id=private-access/gcr.io.dot./A]
module.default-network.module.subnets.google_compute_subnetwork.subnetwork["europe-west2/net2"]: Destroying... [id=projects/gke-eu-1/regions/europe-west2/subnetworks/net2]
module.default-network.module.subnets.google_compute_subnetwork.subnetwork["europe-west2/net1"]: Destroying... [id=projects/gke-eu-1/regions/europe-west2/subnetworks/net1]
module.dns-private-zone.google_dns_record_set.cloud-static-records["gcr.io/A"]: Destruction complete after 2s
module.dns-private-zone.google_dns_record_set.cloud-static-records["restricted.googleapis.com/A"]: Destruction complete after 3s
module.dns-private-zone.google_dns_managed_zone.private[0]: Destroying... [id=projects/gke-eu-1/managedZones/private-access]
module.dns-private-zone.google_dns_managed_zone.private[0]: Destruction complete after 1s
module.default-network.module.subnets.google_compute_subnetwork.subnetwork["europe-west2/net1"]: Still destroying... [id=projects/gke-eu-1/regions/europe-west2/subnetworks/net1, 10s elapsed]
module.default-network.module.subnets.google_compute_subnetwork.subnetwork["europe-west2/net2"]: Still destroying... [id=projects/gke-eu-1/regions/europe-west2/subnetworks/net2, 10s elapsed]
module.default-network.module.subnets.google_compute_subnetwork.subnetwork["europe-west2/net2"]: Destruction complete after 10s
module.default-network.module.subnets.google_compute_subnetwork.subnetwork["europe-west2/net1"]: Destruction complete after 19s
module.default-network.module.vpc.google_compute_network.network: Destroying... [id=projects/gke-eu-1/global/networks/default-network]
module.default-network.module.vpc.google_compute_network.network: Still destroying... [id=projects/gke-eu-1/global/networks/default-network, 10s elapsed]
module.default-network.module.vpc.google_compute_network.network: Destruction complete after 17s

Destroy complete! Resources: 6 destroyed.
2020-10-21 10:37:41 CST INFO    clean up terraform dir
Deleted [https://www.googleapis.com/compute/v1/projects/gke-eu-1/global/networks/vpc2].
